<?xml version="1.0" encoding="UTF-8"?>
<testng-results ignored="0" total="1" passed="1" failed="0" skipped="0">
  <reporter-output>
  </reporter-output>
  <suite started-at="2022-10-27T18:22:33 EDT" name="Default suite" finished-at="2022-10-27T18:22:38 EDT" duration-ms="4655">
    <groups>
    </groups>
    <test started-at="2022-10-27T18:22:33 EDT" name="Default test" finished-at="2022-10-27T18:22:38 EDT" duration-ms="4655">
      <class name="Automation_Action_Item.Q5_Gmail_Validation">
        <test-method signature="Q5()[pri:0, instance:Automation_Action_Item.Q5_Gmail_Validation@1fb700ee]" started-at="2022-10-27T18:22:33 EDT" name="Q5" finished-at="2022-10-27T18:22:38 EDT" duration-ms="4626" status="PASS">
          <reporter-output>
          </reporter-output>
        </test-method> <!-- Q5 -->
      </class> <!-- Automation_Action_Item.Q5_Gmail_Validation -->
    </test> <!-- Default test -->
  </suite> <!-- Default suite -->
</testng-results>
