<?xml version="1.0" encoding="UTF-8"?>
<!-- Generated by org.testng.reporters.JUnitXMLReporter -->
<testsuite ignored="1" hostname="DESKTOP-DS6L76P" failures="0" tests="5" name="Test" time="0.09" errors="0" timestamp="2022-09-29T21:24:48 EDT">
  <testcase classname="Web.Webpage" name="WebpageLogin" time="0.011"/>
  <testcase classname="Web.Webpage" name="WebpageLogout" time="0.002"/>
  <testcase classname="Ipad.IpadApp" name="IpadAppLogout" time="0.002"/>
  <testcase classname="Mobile.MobileApp" name="MobileLogin" time="0.002"/>
  <testcase classname="Mobile.MobileApp" name="MobileLogout" time="0.002"/>
  <testcase classname="Ipad.IpadApp" name="IpadAppLogin" time="0.0">
    <ignored/>
  </testcase> <!-- IpadAppLogin -->
</testsuite> <!-- Test -->
